[0.012s] Invoking command in '/home/amitha/ros2_ws/assignment-ros2-lifecycle-nodes-AmithaMahesh/build/ros2_lifecycle': CMAKE_PREFIX_PATH=${CMAKE_PREFIX_PATH}:/opt/ros/jazzy /usr/bin/cmake /home/amitha/ros2_ws/assignment-ros2-lifecycle-nodes-AmithaMahesh -DCMAKE_INSTALL_PREFIX=/home/amitha/ros2_ws/assignment-ros2-lifecycle-nodes-AmithaMahesh/install/ros2_lifecycle
[0.150s] -- The C compiler identification is GNU 13.3.0
[0.279s] -- The CXX compiler identification is GNU 13.3.0
[0.299s] -- Detecting C compiler ABI info
[0.392s] -- Detecting C compiler ABI info - done
[0.405s] -- Check for working C compiler: /usr/bin/cc - skipped
[0.406s] -- Detecting C compile features
[0.407s] -- Detecting C compile features - done
[0.419s] -- Detecting CXX compiler ABI info
[0.522s] -- Detecting CXX compiler ABI info - done
[0.533s] -- Check for working CXX compiler: /usr/bin/c++ - skipped
[0.533s] -- Detecting CXX compile features
[0.533s] -- Detecting CXX compile features - done
[0.541s] -- Found ament_cmake: 2.5.4 (/opt/ros/jazzy/share/ament_cmake/cmake)
[0.673s] -- Found Python3: /usr/bin/python3 (found version "3.12.3") found components: Interpreter 
[0.769s] -- Found rclcpp: 28.1.13 (/opt/ros/jazzy/share/rclcpp/cmake)
[0.799s] -- Found rosidl_generator_c: 4.6.6 (/opt/ros/jazzy/share/rosidl_generator_c/cmake)
[0.811s] -- Found rosidl_generator_cpp: 4.6.6 (/opt/ros/jazzy/share/rosidl_generator_cpp/cmake)
[0.824s] -- Using all available rosidl_typesupport_c: rosidl_typesupport_fastrtps_c;rosidl_typesupport_introspection_c
[0.837s] -- Using all available rosidl_typesupport_cpp: rosidl_typesupport_fastrtps_cpp;rosidl_typesupport_introspection_cpp
[0.895s] -- Found rmw_implementation_cmake: 7.3.2 (/opt/ros/jazzy/share/rmw_implementation_cmake/cmake)
[0.897s] -- Found rmw_fastrtps_cpp: 8.4.3 (/opt/ros/jazzy/share/rmw_fastrtps_cpp/cmake)
[0.983s] -- Found OpenSSL: /usr/lib/x86_64-linux-gnu/libcrypto.so (found version "3.0.13")  
[1.002s] -- Found FastRTPS: /opt/ros/jazzy/include (Required is at least version "2.13") 
[1.028s] -- Using RMW implementation 'rmw_fastrtps_cpp' as default
[1.087s] -- Found rclcpp_lifecycle: 28.1.13 (/opt/ros/jazzy/share/rclcpp_lifecycle/cmake)
[1.111s] -- Found std_msgs: 5.3.6 (/opt/ros/jazzy/share/std_msgs/cmake)
[1.123s] -- Found ament_lint_auto: 0.17.3 (/opt/ros/jazzy/share/ament_lint_auto/cmake)
[1.211s] -- Added test 'copyright' to check source files copyright and LICENSE
[1.216s] -- Added test 'cppcheck' to perform static code analysis on C / C++ code
[1.216s] -- Configured cppcheck include dirs: 
[1.216s] -- Configured cppcheck exclude dirs and/or files: 
[1.220s] -- Added test 'cpplint' to check C / C++ code against the Google style
[1.220s] -- Configured cpplint exclude dirs and/or files: 
[1.223s] -- Added test 'lint_cmake' to check CMake code style
[1.229s] -- Added test 'uncrustify' to check C / C++ code style
[1.229s] -- Configured uncrustify additional arguments: 
[1.230s] -- Added test 'xmllint' to check XML markup files
[1.231s] -- Configuring done (1.2s)
[1.240s] -- Generating done (0.0s)
[1.244s] -- Build files have been written to: /home/amitha/ros2_ws/assignment-ros2-lifecycle-nodes-AmithaMahesh/build/ros2_lifecycle
[1.254s] Invoked command in '/home/amitha/ros2_ws/assignment-ros2-lifecycle-nodes-AmithaMahesh/build/ros2_lifecycle' returned '0': CMAKE_PREFIX_PATH=${CMAKE_PREFIX_PATH}:/opt/ros/jazzy /usr/bin/cmake /home/amitha/ros2_ws/assignment-ros2-lifecycle-nodes-AmithaMahesh -DCMAKE_INSTALL_PREFIX=/home/amitha/ros2_ws/assignment-ros2-lifecycle-nodes-AmithaMahesh/install/ros2_lifecycle
[1.255s] Invoking command in '/home/amitha/ros2_ws/assignment-ros2-lifecycle-nodes-AmithaMahesh/build/ros2_lifecycle': CMAKE_PREFIX_PATH=${CMAKE_PREFIX_PATH}:/opt/ros/jazzy /usr/bin/cmake --build /home/amitha/ros2_ws/assignment-ros2-lifecycle-nodes-AmithaMahesh/build/ros2_lifecycle -- -j22 -l22
[1.311s] [ 50%] [32mBuilding CXX object CMakeFiles/lifecycle_sensor.dir/src/lifecycle_sensor.cpp.o[0m
[4.401s] [100%] [32m[1mLinking CXX executable lifecycle_sensor[0m
[4.550s] [100%] Built target lifecycle_sensor
[4.562s] Invoked command in '/home/amitha/ros2_ws/assignment-ros2-lifecycle-nodes-AmithaMahesh/build/ros2_lifecycle' returned '0': CMAKE_PREFIX_PATH=${CMAKE_PREFIX_PATH}:/opt/ros/jazzy /usr/bin/cmake --build /home/amitha/ros2_ws/assignment-ros2-lifecycle-nodes-AmithaMahesh/build/ros2_lifecycle -- -j22 -l22
[4.572s] Invoking command in '/home/amitha/ros2_ws/assignment-ros2-lifecycle-nodes-AmithaMahesh/build/ros2_lifecycle': CMAKE_PREFIX_PATH=${CMAKE_PREFIX_PATH}:/opt/ros/jazzy /usr/bin/cmake --install /home/amitha/ros2_ws/assignment-ros2-lifecycle-nodes-AmithaMahesh/build/ros2_lifecycle
[4.582s] -- Install configuration: ""
[4.582s] -- Installing: /home/amitha/ros2_ws/assignment-ros2-lifecycle-nodes-AmithaMahesh/install/ros2_lifecycle/lib/ros2_lifecycle/lifecycle_sensor
[4.584s] -- Set non-toolchain portion of runtime path of "/home/amitha/ros2_ws/assignment-ros2-lifecycle-nodes-AmithaMahesh/install/ros2_lifecycle/lib/ros2_lifecycle/lifecycle_sensor" to ""
[4.584s] -- Installing: /home/amitha/ros2_ws/assignment-ros2-lifecycle-nodes-AmithaMahesh/install/ros2_lifecycle/share/ament_index/resource_index/package_run_dependencies/ros2_lifecycle
[4.584s] -- Installing: /home/amitha/ros2_ws/assignment-ros2-lifecycle-nodes-AmithaMahesh/install/ros2_lifecycle/share/ament_index/resource_index/parent_prefix_path/ros2_lifecycle
[4.584s] -- Installing: /home/amitha/ros2_ws/assignment-ros2-lifecycle-nodes-AmithaMahesh/install/ros2_lifecycle/share/ros2_lifecycle/environment/ament_prefix_path.sh
[4.584s] -- Installing: /home/amitha/ros2_ws/assignment-ros2-lifecycle-nodes-AmithaMahesh/install/ros2_lifecycle/share/ros2_lifecycle/environment/ament_prefix_path.dsv
[4.584s] -- Installing: /home/amitha/ros2_ws/assignment-ros2-lifecycle-nodes-AmithaMahesh/install/ros2_lifecycle/share/ros2_lifecycle/environment/path.sh
[4.584s] -- Installing: /home/amitha/ros2_ws/assignment-ros2-lifecycle-nodes-AmithaMahesh/install/ros2_lifecycle/share/ros2_lifecycle/environment/path.dsv
[4.584s] -- Installing: /home/amitha/ros2_ws/assignment-ros2-lifecycle-nodes-AmithaMahesh/install/ros2_lifecycle/share/ros2_lifecycle/local_setup.bash
[4.584s] -- Installing: /home/amitha/ros2_ws/assignment-ros2-lifecycle-nodes-AmithaMahesh/install/ros2_lifecycle/share/ros2_lifecycle/local_setup.sh
[4.584s] -- Installing: /home/amitha/ros2_ws/assignment-ros2-lifecycle-nodes-AmithaMahesh/install/ros2_lifecycle/share/ros2_lifecycle/local_setup.zsh
[4.584s] -- Installing: /home/amitha/ros2_ws/assignment-ros2-lifecycle-nodes-AmithaMahesh/install/ros2_lifecycle/share/ros2_lifecycle/local_setup.dsv
[4.585s] -- Installing: /home/amitha/ros2_ws/assignment-ros2-lifecycle-nodes-AmithaMahesh/install/ros2_lifecycle/share/ros2_lifecycle/package.dsv
[4.585s] -- Installing: /home/amitha/ros2_ws/assignment-ros2-lifecycle-nodes-AmithaMahesh/install/ros2_lifecycle/share/ament_index/resource_index/packages/ros2_lifecycle
[4.585s] -- Installing: /home/amitha/ros2_ws/assignment-ros2-lifecycle-nodes-AmithaMahesh/install/ros2_lifecycle/share/ros2_lifecycle/cmake/ros2_lifecycleConfig.cmake
[4.585s] -- Installing: /home/amitha/ros2_ws/assignment-ros2-lifecycle-nodes-AmithaMahesh/install/ros2_lifecycle/share/ros2_lifecycle/cmake/ros2_lifecycleConfig-version.cmake
[4.585s] -- Installing: /home/amitha/ros2_ws/assignment-ros2-lifecycle-nodes-AmithaMahesh/install/ros2_lifecycle/share/ros2_lifecycle/package.xml
[4.587s] Invoked command in '/home/amitha/ros2_ws/assignment-ros2-lifecycle-nodes-AmithaMahesh/build/ros2_lifecycle' returned '0': CMAKE_PREFIX_PATH=${CMAKE_PREFIX_PATH}:/opt/ros/jazzy /usr/bin/cmake --install /home/amitha/ros2_ws/assignment-ros2-lifecycle-nodes-AmithaMahesh/build/ros2_lifecycle
