[0.226s] DEBUG:colcon:Command line arguments: ['/usr/bin/colcon', 'build', '--packages-select', 'ros2_lifecycle']
[0.226s] DEBUG:colcon:Parsed command line arguments: Namespace(log_base=None, log_level=None, verb_name='build', build_base='build', install_base='install', merge_install=False, symlink_install=False, test_result_base=None, continue_on_error=False, executor='parallel', parallel_workers=22, event_handlers=None, ignore_user_meta=False, metas=['./colcon.meta'], base_paths=['.'], packages_ignore=None, packages_ignore_regex=None, paths=None, packages_up_to=None, packages_up_to_regex=None, packages_above=None, packages_above_and_dependencies=None, packages_above_depth=None, packages_select_by_dep=None, packages_skip_by_dep=None, packages_skip_up_to=None, packages_select_build_failed=False, packages_skip_build_finished=False, packages_select_test_failures=False, packages_skip_test_passed=False, packages_select=['ros2_lifecycle'], packages_skip=None, packages_select_regex=None, packages_skip_regex=None, packages_start=None, packages_end=None, allow_overriding=[], cmake_args=None, cmake_target=None, cmake_target_skip_unavailable=False, cmake_clean_cache=False, cmake_clean_first=False, cmake_force_configure=False, ament_cmake_args=None, catkin_cmake_args=None, catkin_skip_building_tests=False, mixin_files=None, mixin=None, verb_parser=<colcon_mixin.mixin.mixin_argument.MixinArgumentDecorator object at 0x77ac11f9ac60>, verb_extension=<colcon_core.verb.build.BuildVerb object at 0x77ac11f9a6f0>, main=<bound method BuildVerb.main of <colcon_core.verb.build.BuildVerb object at 0x77ac11f9a6f0>>, mixin_verb=('build',))
[0.271s] Level 1:colcon.colcon_core.package_discovery:discover_packages(colcon_meta) check parameters
[0.271s] Level 1:colcon.colcon_core.package_discovery:discover_packages(recursive) check parameters
[0.271s] Level 1:colcon.colcon_core.package_discovery:discover_packages(ignore) check parameters
[0.271s] Level 1:colcon.colcon_core.package_discovery:discover_packages(path) check parameters
[0.271s] Level 1:colcon.colcon_core.package_discovery:discover_packages(colcon_meta) discover
[0.271s] Level 1:colcon.colcon_core.package_discovery:discover_packages(recursive) discover
[0.271s] INFO:colcon.colcon_core.package_discovery:Crawling recursively for packages in '/home/amitha/ros2_ws/assignment-ros2-lifecycle-nodes-AmithaMahesh'
[0.272s] Level 1:colcon.colcon_core.package_identification:_identify(.) by extensions ['ignore', 'ignore_ament_install']
[0.272s] Level 1:colcon.colcon_core.package_identification:_identify(.) by extension 'ignore'
[0.272s] Level 1:colcon.colcon_core.package_identification:_identify(.) by extension 'ignore_ament_install'
[0.272s] Level 1:colcon.colcon_core.package_identification:_identify(.) by extensions ['colcon_pkg']
[0.272s] Level 1:colcon.colcon_core.package_identification:_identify(.) by extension 'colcon_pkg'
[0.272s] Level 1:colcon.colcon_core.package_identification:_identify(.) by extensions ['colcon_meta']
[0.272s] Level 1:colcon.colcon_core.package_identification:_identify(.) by extension 'colcon_meta'
[0.272s] Level 1:colcon.colcon_core.package_identification:_identify(.) by extensions ['ros']
[0.272s] Level 1:colcon.colcon_core.package_identification:_identify(.) by extension 'ros'
[0.301s] DEBUG:colcon.colcon_core.package_identification:Package '.' with type 'ros.ament_cmake' and name 'ros2_lifecycle'
[0.301s] Level 1:colcon.colcon_core.package_discovery:discover_packages(recursive) using defaults
[0.301s] Level 1:colcon.colcon_core.package_discovery:discover_packages(ignore) discover
[0.301s] Level 1:colcon.colcon_core.package_discovery:discover_packages(ignore) using defaults
[0.301s] Level 1:colcon.colcon_core.package_discovery:discover_packages(path) discover
[0.301s] Level 1:colcon.colcon_core.package_discovery:discover_packages(path) using defaults
[0.325s] Level 1:colcon.colcon_core.package_discovery:discover_packages(prefix_path) check parameters
[0.325s] Level 1:colcon.colcon_core.package_discovery:discover_packages(prefix_path) discover
[0.327s] DEBUG:colcon.colcon_installed_package_information.package_discovery:Found 290 installed packages in /opt/ros/jazzy
[0.328s] Level 1:colcon.colcon_core.package_discovery:discover_packages(prefix_path) using defaults
[0.352s] Level 5:colcon.colcon_core.verb:set package 'ros2_lifecycle' build argument 'cmake_args' from command line to 'None'
[0.352s] Level 5:colcon.colcon_core.verb:set package 'ros2_lifecycle' build argument 'cmake_target' from command line to 'None'
[0.352s] Level 5:colcon.colcon_core.verb:set package 'ros2_lifecycle' build argument 'cmake_target_skip_unavailable' from command line to 'False'
[0.352s] Level 5:colcon.colcon_core.verb:set package 'ros2_lifecycle' build argument 'cmake_clean_cache' from command line to 'False'
[0.352s] Level 5:colcon.colcon_core.verb:set package 'ros2_lifecycle' build argument 'cmake_clean_first' from command line to 'False'
[0.352s] Level 5:colcon.colcon_core.verb:set package 'ros2_lifecycle' build argument 'cmake_force_configure' from command line to 'False'
[0.352s] Level 5:colcon.colcon_core.verb:set package 'ros2_lifecycle' build argument 'ament_cmake_args' from command line to 'None'
[0.352s] Level 5:colcon.colcon_core.verb:set package 'ros2_lifecycle' build argument 'catkin_cmake_args' from command line to 'None'
[0.352s] Level 5:colcon.colcon_core.verb:set package 'ros2_lifecycle' build argument 'catkin_skip_building_tests' from command line to 'False'
[0.352s] DEBUG:colcon.colcon_core.verb:Building package 'ros2_lifecycle' with the following arguments: {'ament_cmake_args': None, 'build_base': '/home/amitha/ros2_ws/assignment-ros2-lifecycle-nodes-AmithaMahesh/build/ros2_lifecycle', 'catkin_cmake_args': None, 'catkin_skip_building_tests': False, 'cmake_args': None, 'cmake_clean_cache': False, 'cmake_clean_first': False, 'cmake_force_configure': False, 'cmake_target': None, 'cmake_target_skip_unavailable': False, 'install_base': '/home/amitha/ros2_ws/assignment-ros2-lifecycle-nodes-AmithaMahesh/install/ros2_lifecycle', 'merge_install': False, 'path': '/home/amitha/ros2_ws/assignment-ros2-lifecycle-nodes-AmithaMahesh', 'symlink_install': False, 'test_result_base': None}
[0.353s] INFO:colcon.colcon_core.executor:Executing jobs using 'parallel' executor
[0.354s] DEBUG:colcon.colcon_parallel_executor.executor.parallel:run_until_complete
[0.354s] INFO:colcon.colcon_ros.task.ament_cmake.build:Building ROS package in '/home/amitha/ros2_ws/assignment-ros2-lifecycle-nodes-AmithaMahesh' with build type 'ament_cmake'
[0.354s] INFO:colcon.colcon_cmake.task.cmake.build:Building CMake package in '/home/amitha/ros2_ws/assignment-ros2-lifecycle-nodes-AmithaMahesh'
[0.358s] INFO:colcon.colcon_core.plugin_system:Skipping extension 'colcon_core.shell.bat': Not used on non-Windows systems
[0.358s] INFO:colcon.colcon_core.shell:Skip shell extension 'powershell' for command environment: Not usable outside of PowerShell
[0.358s] DEBUG:colcon.colcon_core.shell:Skip shell extension 'dsv' for command environment
[0.367s] DEBUG:colcon.colcon_core.event_handler.log_command:Invoking command in '/home/amitha/ros2_ws/assignment-ros2-lifecycle-nodes-AmithaMahesh/build/ros2_lifecycle': CMAKE_PREFIX_PATH=${CMAKE_PREFIX_PATH}:/opt/ros/jazzy /usr/bin/cmake /home/amitha/ros2_ws/assignment-ros2-lifecycle-nodes-AmithaMahesh -DCMAKE_INSTALL_PREFIX=/home/amitha/ros2_ws/assignment-ros2-lifecycle-nodes-AmithaMahesh/install/ros2_lifecycle
[1.608s] DEBUG:colcon.colcon_core.event_handler.log_command:Invoked command in '/home/amitha/ros2_ws/assignment-ros2-lifecycle-nodes-AmithaMahesh/build/ros2_lifecycle' returned '0': CMAKE_PREFIX_PATH=${CMAKE_PREFIX_PATH}:/opt/ros/jazzy /usr/bin/cmake /home/amitha/ros2_ws/assignment-ros2-lifecycle-nodes-AmithaMahesh -DCMAKE_INSTALL_PREFIX=/home/amitha/ros2_ws/assignment-ros2-lifecycle-nodes-AmithaMahesh/install/ros2_lifecycle
[1.609s] DEBUG:colcon.colcon_core.event_handler.log_command:Invoking command in '/home/amitha/ros2_ws/assignment-ros2-lifecycle-nodes-AmithaMahesh/build/ros2_lifecycle': CMAKE_PREFIX_PATH=${CMAKE_PREFIX_PATH}:/opt/ros/jazzy /usr/bin/cmake --build /home/amitha/ros2_ws/assignment-ros2-lifecycle-nodes-AmithaMahesh/build/ros2_lifecycle -- -j22 -l22
[4.916s] DEBUG:colcon.colcon_core.event_handler.log_command:Invoked command in '/home/amitha/ros2_ws/assignment-ros2-lifecycle-nodes-AmithaMahesh/build/ros2_lifecycle' returned '0': CMAKE_PREFIX_PATH=${CMAKE_PREFIX_PATH}:/opt/ros/jazzy /usr/bin/cmake --build /home/amitha/ros2_ws/assignment-ros2-lifecycle-nodes-AmithaMahesh/build/ros2_lifecycle -- -j22 -l22
[4.926s] DEBUG:colcon.colcon_core.event_handler.log_command:Invoking command in '/home/amitha/ros2_ws/assignment-ros2-lifecycle-nodes-AmithaMahesh/build/ros2_lifecycle': CMAKE_PREFIX_PATH=${CMAKE_PREFIX_PATH}:/opt/ros/jazzy /usr/bin/cmake --install /home/amitha/ros2_ws/assignment-ros2-lifecycle-nodes-AmithaMahesh/build/ros2_lifecycle
[4.941s] Level 1:colcon.colcon_core.environment:create_environment_scripts_only(ros2_lifecycle)
[4.941s] DEBUG:colcon.colcon_core.event_handler.log_command:Invoked command in '/home/amitha/ros2_ws/assignment-ros2-lifecycle-nodes-AmithaMahesh/build/ros2_lifecycle' returned '0': CMAKE_PREFIX_PATH=${CMAKE_PREFIX_PATH}:/opt/ros/jazzy /usr/bin/cmake --install /home/amitha/ros2_ws/assignment-ros2-lifecycle-nodes-AmithaMahesh/build/ros2_lifecycle
[4.946s] Level 1:colcon.colcon_core.environment:checking '/home/amitha/ros2_ws/assignment-ros2-lifecycle-nodes-AmithaMahesh/install/ros2_lifecycle' for CMake module files
[4.947s] Level 1:colcon.colcon_core.environment:checking '/home/amitha/ros2_ws/assignment-ros2-lifecycle-nodes-AmithaMahesh/install/ros2_lifecycle' for CMake config files
[4.947s] Level 1:colcon.colcon_core.shell:create_environment_hook('ros2_lifecycle', 'cmake_prefix_path')
[4.948s] INFO:colcon.colcon_core.shell:Creating environment hook '/home/amitha/ros2_ws/assignment-ros2-lifecycle-nodes-AmithaMahesh/install/ros2_lifecycle/share/ros2_lifecycle/hook/cmake_prefix_path.ps1'
[4.948s] INFO:colcon.colcon_core.shell:Creating environment descriptor '/home/amitha/ros2_ws/assignment-ros2-lifecycle-nodes-AmithaMahesh/install/ros2_lifecycle/share/ros2_lifecycle/hook/cmake_prefix_path.dsv'
[4.949s] INFO:colcon.colcon_core.shell:Creating environment hook '/home/amitha/ros2_ws/assignment-ros2-lifecycle-nodes-AmithaMahesh/install/ros2_lifecycle/share/ros2_lifecycle/hook/cmake_prefix_path.sh'
[4.950s] Level 1:colcon.colcon_core.environment:checking '/home/amitha/ros2_ws/assignment-ros2-lifecycle-nodes-AmithaMahesh/install/ros2_lifecycle/lib'
[4.950s] Level 1:colcon.colcon_core.environment:checking '/home/amitha/ros2_ws/assignment-ros2-lifecycle-nodes-AmithaMahesh/install/ros2_lifecycle/bin'
[4.950s] Level 1:colcon.colcon_core.environment:checking '/home/amitha/ros2_ws/assignment-ros2-lifecycle-nodes-AmithaMahesh/install/ros2_lifecycle/lib/pkgconfig/ros2_lifecycle.pc'
[4.951s] Level 1:colcon.colcon_core.environment:checking '/home/amitha/ros2_ws/assignment-ros2-lifecycle-nodes-AmithaMahesh/install/ros2_lifecycle/lib/python3.12/site-packages'
[4.951s] Level 1:colcon.colcon_core.environment:checking '/home/amitha/ros2_ws/assignment-ros2-lifecycle-nodes-AmithaMahesh/install/ros2_lifecycle/bin'
[4.951s] INFO:colcon.colcon_core.shell:Creating package script '/home/amitha/ros2_ws/assignment-ros2-lifecycle-nodes-AmithaMahesh/install/ros2_lifecycle/share/ros2_lifecycle/package.ps1'
[4.952s] INFO:colcon.colcon_core.shell:Creating package descriptor '/home/amitha/ros2_ws/assignment-ros2-lifecycle-nodes-AmithaMahesh/install/ros2_lifecycle/share/ros2_lifecycle/package.dsv'
[4.953s] INFO:colcon.colcon_core.shell:Creating package script '/home/amitha/ros2_ws/assignment-ros2-lifecycle-nodes-AmithaMahesh/install/ros2_lifecycle/share/ros2_lifecycle/package.sh'
[4.954s] INFO:colcon.colcon_core.shell:Creating package script '/home/amitha/ros2_ws/assignment-ros2-lifecycle-nodes-AmithaMahesh/install/ros2_lifecycle/share/ros2_lifecycle/package.bash'
[4.955s] INFO:colcon.colcon_core.shell:Creating package script '/home/amitha/ros2_ws/assignment-ros2-lifecycle-nodes-AmithaMahesh/install/ros2_lifecycle/share/ros2_lifecycle/package.zsh'
[4.956s] Level 1:colcon.colcon_core.environment:create_file_with_runtime_dependencies(/home/amitha/ros2_ws/assignment-ros2-lifecycle-nodes-AmithaMahesh/install/ros2_lifecycle/share/colcon-core/packages/ros2_lifecycle)
[4.957s] Level 1:colcon.colcon_core.environment:create_environment_scripts_only(ros2_lifecycle)
[4.957s] Level 1:colcon.colcon_core.environment:checking '/home/amitha/ros2_ws/assignment-ros2-lifecycle-nodes-AmithaMahesh/install/ros2_lifecycle' for CMake module files
[4.957s] Level 1:colcon.colcon_core.environment:checking '/home/amitha/ros2_ws/assignment-ros2-lifecycle-nodes-AmithaMahesh/install/ros2_lifecycle' for CMake config files
[4.957s] Level 1:colcon.colcon_core.shell:create_environment_hook('ros2_lifecycle', 'cmake_prefix_path')
[4.957s] INFO:colcon.colcon_core.shell:Creating environment hook '/home/amitha/ros2_ws/assignment-ros2-lifecycle-nodes-AmithaMahesh/install/ros2_lifecycle/share/ros2_lifecycle/hook/cmake_prefix_path.ps1'
[4.958s] INFO:colcon.colcon_core.shell:Creating environment descriptor '/home/amitha/ros2_ws/assignment-ros2-lifecycle-nodes-AmithaMahesh/install/ros2_lifecycle/share/ros2_lifecycle/hook/cmake_prefix_path.dsv'
[4.958s] INFO:colcon.colcon_core.shell:Creating environment hook '/home/amitha/ros2_ws/assignment-ros2-lifecycle-nodes-AmithaMahesh/install/ros2_lifecycle/share/ros2_lifecycle/hook/cmake_prefix_path.sh'
[4.958s] Level 1:colcon.colcon_core.environment:checking '/home/amitha/ros2_ws/assignment-ros2-lifecycle-nodes-AmithaMahesh/install/ros2_lifecycle/lib'
[4.958s] Level 1:colcon.colcon_core.environment:checking '/home/amitha/ros2_ws/assignment-ros2-lifecycle-nodes-AmithaMahesh/install/ros2_lifecycle/bin'
[4.958s] Level 1:colcon.colcon_core.environment:checking '/home/amitha/ros2_ws/assignment-ros2-lifecycle-nodes-AmithaMahesh/install/ros2_lifecycle/lib/pkgconfig/ros2_lifecycle.pc'
[4.959s] Level 1:colcon.colcon_core.environment:checking '/home/amitha/ros2_ws/assignment-ros2-lifecycle-nodes-AmithaMahesh/install/ros2_lifecycle/lib/python3.12/site-packages'
[4.959s] Level 1:colcon.colcon_core.environment:checking '/home/amitha/ros2_ws/assignment-ros2-lifecycle-nodes-AmithaMahesh/install/ros2_lifecycle/bin'
[4.959s] INFO:colcon.colcon_core.shell:Creating package script '/home/amitha/ros2_ws/assignment-ros2-lifecycle-nodes-AmithaMahesh/install/ros2_lifecycle/share/ros2_lifecycle/package.ps1'
[4.959s] INFO:colcon.colcon_core.shell:Creating package descriptor '/home/amitha/ros2_ws/assignment-ros2-lifecycle-nodes-AmithaMahesh/install/ros2_lifecycle/share/ros2_lifecycle/package.dsv'
[4.960s] INFO:colcon.colcon_core.shell:Creating package script '/home/amitha/ros2_ws/assignment-ros2-lifecycle-nodes-AmithaMahesh/install/ros2_lifecycle/share/ros2_lifecycle/package.sh'
[4.960s] INFO:colcon.colcon_core.shell:Creating package script '/home/amitha/ros2_ws/assignment-ros2-lifecycle-nodes-AmithaMahesh/install/ros2_lifecycle/share/ros2_lifecycle/package.bash'
[4.960s] INFO:colcon.colcon_core.shell:Creating package script '/home/amitha/ros2_ws/assignment-ros2-lifecycle-nodes-AmithaMahesh/install/ros2_lifecycle/share/ros2_lifecycle/package.zsh'
[4.960s] Level 1:colcon.colcon_core.environment:create_file_with_runtime_dependencies(/home/amitha/ros2_ws/assignment-ros2-lifecycle-nodes-AmithaMahesh/install/ros2_lifecycle/share/colcon-core/packages/ros2_lifecycle)
[4.960s] DEBUG:colcon.colcon_parallel_executor.executor.parallel:closing loop
[4.961s] DEBUG:colcon.colcon_parallel_executor.executor.parallel:loop closed
[4.961s] DEBUG:colcon.colcon_parallel_executor.executor.parallel:run_until_complete finished with '0'
[4.961s] DEBUG:colcon.colcon_core.event_reactor:joining thread
[4.966s] INFO:colcon.colcon_core.plugin_system:Skipping extension 'colcon_notification.desktop_notification.terminal_notifier': Not used on non-Darwin systems
[4.966s] INFO:colcon.colcon_core.plugin_system:Skipping extension 'colcon_notification.desktop_notification.win32': Not used on non-Windows systems
[4.967s] INFO:colcon.colcon_notification.desktop_notification:Sending desktop notification using 'notify2'
[4.990s] DEBUG:colcon.colcon_core.event_reactor:joined thread
[4.990s] INFO:colcon.colcon_core.shell:Creating prefix script '/home/amitha/ros2_ws/assignment-ros2-lifecycle-nodes-AmithaMahesh/install/local_setup.ps1'
[4.991s] INFO:colcon.colcon_core.shell:Creating prefix util module '/home/amitha/ros2_ws/assignment-ros2-lifecycle-nodes-AmithaMahesh/install/_local_setup_util_ps1.py'
[4.993s] INFO:colcon.colcon_core.shell:Creating prefix chain script '/home/amitha/ros2_ws/assignment-ros2-lifecycle-nodes-AmithaMahesh/install/setup.ps1'
[4.994s] INFO:colcon.colcon_core.shell:Creating prefix script '/home/amitha/ros2_ws/assignment-ros2-lifecycle-nodes-AmithaMahesh/install/local_setup.sh'
[4.994s] INFO:colcon.colcon_core.shell:Creating prefix util module '/home/amitha/ros2_ws/assignment-ros2-lifecycle-nodes-AmithaMahesh/install/_local_setup_util_sh.py'
[4.995s] INFO:colcon.colcon_core.shell:Creating prefix chain script '/home/amitha/ros2_ws/assignment-ros2-lifecycle-nodes-AmithaMahesh/install/setup.sh'
[4.996s] INFO:colcon.colcon_core.shell:Creating prefix script '/home/amitha/ros2_ws/assignment-ros2-lifecycle-nodes-AmithaMahesh/install/local_setup.bash'
[4.997s] INFO:colcon.colcon_core.shell:Creating prefix chain script '/home/amitha/ros2_ws/assignment-ros2-lifecycle-nodes-AmithaMahesh/install/setup.bash'
[4.998s] INFO:colcon.colcon_core.shell:Creating prefix script '/home/amitha/ros2_ws/assignment-ros2-lifecycle-nodes-AmithaMahesh/install/local_setup.zsh'
[4.998s] INFO:colcon.colcon_core.shell:Creating prefix chain script '/home/amitha/ros2_ws/assignment-ros2-lifecycle-nodes-AmithaMahesh/install/setup.zsh'
